C:\USERS\PABLO\DROPBOX\PRIVATE\PABLO\FACULTAD DE INFORMáTICA\INGENIERíA DE PROTOCOLOS\REPOSITORIO\CHAT\CHAT\DEBUG\CHAT.PCH
C:\USERS\PABLO\DROPBOX\PRIVATE\PABLO\FACULTAD DE INFORMáTICA\INGENIERíA DE PROTOCOLOS\REPOSITORIO\CHAT\CHAT\DEBUG\STDAFX.OBJ
C:\USERS\PABLO\DROPBOX\PRIVATE\PABLO\FACULTAD DE INFORMÁTICA\INGENIERÍA DE PROTOCOLOS\REPOSITORIO\CHAT\CHAT\DEBUG\VC110.PDB
C:\USERS\PABLO\DROPBOX\PRIVATE\PABLO\FACULTAD DE INFORMáTICA\INGENIERíA DE PROTOCOLOS\REPOSITORIO\CHAT\CHAT\DEBUG\BLOWFISH.OBJ
C:\USERS\PABLO\DROPBOX\PRIVATE\PABLO\FACULTAD DE INFORMáTICA\INGENIERíA DE PROTOCOLOS\REPOSITORIO\CHAT\CHAT\DEBUG\MD5.OBJ
C:\USERS\PABLO\DROPBOX\PRIVATE\PABLO\FACULTAD DE INFORMáTICA\INGENIERíA DE PROTOCOLOS\REPOSITORIO\CHAT\CHAT\DEBUG\CHAT.OBJ
C:\USERS\PABLO\DROPBOX\PRIVATE\PABLO\FACULTAD DE INFORMáTICA\INGENIERíA DE PROTOCOLOS\REPOSITORIO\CHAT\DEBUG\CHAT.ILK
C:\USERS\PABLO\DROPBOX\PRIVATE\PABLO\FACULTAD DE INFORMáTICA\INGENIERíA DE PROTOCOLOS\REPOSITORIO\CHAT\DEBUG\CHAT.EXE
C:\USERS\PABLO\DROPBOX\PRIVATE\PABLO\FACULTAD DE INFORMÁTICA\INGENIERÍA DE PROTOCOLOS\REPOSITORIO\CHAT\DEBUG\CHAT.PDB
C:\Users\pablo\Dropbox\Private\Pablo\Facultad de Informática\Ingeniería de Protocolos\Repositorio\Chat\Chat\Debug\blowfish.obj
C:\Users\pablo\Dropbox\Private\Pablo\Facultad de Informática\Ingeniería de Protocolos\Repositorio\Chat\Chat\Debug\Chat.obj
C:\Users\pablo\Dropbox\Private\Pablo\Facultad de Informática\Ingeniería de Protocolos\Repositorio\Chat\Chat\Debug\md5.obj
C:\Users\pablo\Dropbox\Private\Pablo\Facultad de Informática\Ingeniería de Protocolos\Repositorio\Chat\Chat\Debug\stdafx.obj
C:\Users\pablo\Dropbox\Private\Pablo\Facultad de Informática\Ingeniería de Protocolos\Repositorio\Chat\Chat\Debug\cl.command.1.tlog
C:\Users\pablo\Dropbox\Private\Pablo\Facultad de Informática\Ingeniería de Protocolos\Repositorio\Chat\Chat\Debug\CL.read.1.tlog
C:\Users\pablo\Dropbox\Private\Pablo\Facultad de Informática\Ingeniería de Protocolos\Repositorio\Chat\Chat\Debug\CL.write.1.tlog
C:\Users\pablo\Dropbox\Private\Pablo\Facultad de Informática\Ingeniería de Protocolos\Repositorio\Chat\Chat\Debug\link-cvtres.read.1.tlog
C:\Users\pablo\Dropbox\Private\Pablo\Facultad de Informática\Ingeniería de Protocolos\Repositorio\Chat\Chat\Debug\link-cvtres.write.1.tlog
C:\Users\pablo\Dropbox\Private\Pablo\Facultad de Informática\Ingeniería de Protocolos\Repositorio\Chat\Chat\Debug\link-rc.read.1.tlog
C:\Users\pablo\Dropbox\Private\Pablo\Facultad de Informática\Ingeniería de Protocolos\Repositorio\Chat\Chat\Debug\link-rc.write.1.tlog
C:\Users\pablo\Dropbox\Private\Pablo\Facultad de Informática\Ingeniería de Protocolos\Repositorio\Chat\Chat\Debug\link.4516-cvtres.read.1.tlog
C:\Users\pablo\Dropbox\Private\Pablo\Facultad de Informática\Ingeniería de Protocolos\Repositorio\Chat\Chat\Debug\link.4516-cvtres.write.1.tlog
C:\Users\pablo\Dropbox\Private\Pablo\Facultad de Informática\Ingeniería de Protocolos\Repositorio\Chat\Chat\Debug\link.4516-rc.read.1.tlog
C:\Users\pablo\Dropbox\Private\Pablo\Facultad de Informática\Ingeniería de Protocolos\Repositorio\Chat\Chat\Debug\link.4516-rc.write.1.tlog
C:\Users\pablo\Dropbox\Private\Pablo\Facultad de Informática\Ingeniería de Protocolos\Repositorio\Chat\Chat\Debug\link.4516.read.1.tlog
C:\Users\pablo\Dropbox\Private\Pablo\Facultad de Informática\Ingeniería de Protocolos\Repositorio\Chat\Chat\Debug\link.4516.write.1.tlog
C:\Users\pablo\Dropbox\Private\Pablo\Facultad de Informática\Ingeniería de Protocolos\Repositorio\Chat\Chat\Debug\link.command.1.tlog
C:\Users\pablo\Dropbox\Private\Pablo\Facultad de Informática\Ingeniería de Protocolos\Repositorio\Chat\Chat\Debug\link.read.1.tlog
C:\Users\pablo\Dropbox\Private\Pablo\Facultad de Informática\Ingeniería de Protocolos\Repositorio\Chat\Chat\Debug\link.write.1.tlog
C:\Users\pablo\Dropbox\Private\Pablo\Facultad de Informática\Ingeniería de Protocolos\Repositorio\Chat\Chat\Debug\Chat.pch
C:\Users\pablo\Dropbox\Private\Pablo\Facultad de Informática\Ingeniería de Protocolos\Repositorio\Chat\Chat\Debug\vc110.idb
C:\Users\pablo\Dropbox\Private\Pablo\Facultad de Informática\Ingeniería de Protocolos\Repositorio\Chat\Chat\Debug\vc110.pdb
C:\Users\pablo\Dropbox\Private\Pablo\Facultad de Informática\Ingeniería de Protocolos\Repositorio\Chat\Debug\Chat.pdb
C:\Users\pablo\Dropbox\Private\Pablo\Facultad de Informática\Ingeniería de Protocolos\Repositorio\Chat\Debug\Chat.exe
C:\Users\pablo\Dropbox\Private\Pablo\Facultad de Informática\Ingeniería de Protocolos\Repositorio\Chat\Debug\Chat.ilk
